2016-02-24 09:18:15 [INFO] circle/crawler/analyzer.(*myAnalyzer).Analyze : (analyzer.go:69) - Parse the response (reqUrl=http://news.d.cn/evaluation.html)... 


2016-02-24 09:18:15 [INFO] circle/crawler/analyzer.(*myAnalyzer).Analyze : (analyzer.go:69) - Parse the response (reqUrl=http://news.d.cn/evaluation.html)... 


2016-02-24 09:18:15 [INFO] circle/crawler/analyzer.(*myAnalyzer).Analyze : (analyzer.go:69) - Parse the response (reqUrl=http://news.d.cn/evaluation.html)... 


2016-02-24 09:18:15 [INFO] circle/crawler/analyzer.(*myAnalyzer).Analyze : (analyzer.go:69) - Parse the response (reqUrl=http://news.d.cn/evaluation.html)... 


2016-02-24 09:18:15 [INFO] circle/crawler/analyzer.(*myAnalyzer).Analyze : (analyzer.go:69) - Parse the response (reqUrl=http://news.d.cn/evaluation.html)... 


2016-02-24 09:18:15 [INFO] circle/crawler/analyzer.(*myAnalyzer).Analyze : (analyzer.go:69) - Parse the response (reqUrl=http://news.d.cn/evaluation.html)... 


2016-02-24 09:18:15 [INFO] circle/crawler/analyzer.(*myAnalyzer).Analyze : (analyzer.go:69) - Parse the response (reqUrl=http://news.d.cn/evaluation.html)... 


2016-02-24 09:18:15 [INFO] circle/crawler/analyzer.(*myAnalyzer).Analyze : (analyzer.go:69) - Parse the response (reqUrl=http://news.d.cn/evaluation.html)... 


2016-02-24 09:18:16 [INFO] circle/crawler/analyzer.(*myAnalyzer).Analyze : (analyzer.go:69) - Parse the response (reqUrl=http://news.d.cn/evaluation.html)... 


2016-02-24 09:18:16 [INFO] circle/crawler/analyzer.(*myAnalyzer).Analyze : (analyzer.go:69) - Parse the response (reqUrl=http://news.d.cn/evaluation.html)... 


2016-02-24 09:18:16 [INFO] circle/crawler/analyzer.(*myAnalyzer).Analyze : (analyzer.go:69) - Parse the response (reqUrl=http://news.d.cn/evaluation.html)... 


2016-02-24 09:21:54 [INFO] circle/crawler/analyzer.(*myAnalyzer).Analyze : (analyzer.go:69) - Parse the response (reqUrl=http://news.d.cn/evaluation.html)... 


2016-02-24 09:21:54 [INFO] circle/crawler/analyzer.(*myAnalyzer).Analyze : (analyzer.go:69) - Parse the response (reqUrl=http://news.d.cn/evaluation.html)... 


2016-02-24 09:21:54 [INFO] circle/crawler/analyzer.(*myAnalyzer).Analyze : (analyzer.go:69) - Parse the response (reqUrl=http://news.d.cn/evaluation.html)... 


2016-02-24 09:21:54 [INFO] circle/crawler/analyzer.(*myAnalyzer).Analyze : (analyzer.go:69) - Parse the response (reqUrl=http://news.d.cn/evaluation.html)... 


2016-02-24 09:21:54 [INFO] circle/crawler/analyzer.(*myAnalyzer).Analyze : (analyzer.go:69) - Parse the response (reqUrl=http://news.d.cn/evaluation.html)... 


2016-02-24 09:21:55 [INFO] circle/crawler/analyzer.(*myAnalyzer).Analyze : (analyzer.go:69) - Parse the response (reqUrl=http://news.d.cn/evaluation.html)... 


2016-02-24 09:21:55 [INFO] circle/crawler/analyzer.(*myAnalyzer).Analyze : (analyzer.go:69) - Parse the response (reqUrl=http://news.d.cn/evaluation.html)... 


2016-02-24 09:21:55 [INFO] circle/crawler/analyzer.(*myAnalyzer).Analyze : (analyzer.go:69) - Parse the response (reqUrl=http://news.d.cn/evaluation.html)... 


2016-02-24 09:21:55 [INFO] circle/crawler/analyzer.(*myAnalyzer).Analyze : (analyzer.go:69) - Parse the response (reqUrl=http://news.d.cn/evaluation.html)... 


2016-02-24 09:21:55 [INFO] circle/crawler/analyzer.(*myAnalyzer).Analyze : (analyzer.go:69) - Parse the response (reqUrl=http://news.d.cn/evaluation.html)... 


2016-02-24 09:21:55 [INFO] circle/crawler/analyzer.(*myAnalyzer).Analyze : (analyzer.go:69) - Parse the response (reqUrl=http://news.d.cn/evaluation.html)... 


2016-02-24 09:24:07 [INFO] circle/crawler/analyzer.(*myAnalyzer).Analyze : (analyzer.go:69) - Parse the response (reqUrl=http://news.d.cn/evaluation.html)... 


2016-02-24 09:24:07 [INFO] circle/crawler/analyzer.(*myAnalyzer).Analyze : (analyzer.go:69) - Parse the response (reqUrl=http://news.d.cn/evaluation.html)... 


2016-02-24 09:24:07 [INFO] circle/crawler/analyzer.(*myAnalyzer).Analyze : (analyzer.go:69) - Parse the response (reqUrl=http://news.d.cn/evaluation.html)... 


2016-02-24 09:24:07 [INFO] circle/crawler/analyzer.(*myAnalyzer).Analyze : (analyzer.go:69) - Parse the response (reqUrl=http://news.d.cn/evaluation.html)... 


2016-02-24 09:24:07 [INFO] circle/crawler/analyzer.(*myAnalyzer).Analyze : (analyzer.go:69) - Parse the response (reqUrl=http://news.d.cn/evaluation.html)... 


2016-02-24 09:24:07 [INFO] circle/crawler/analyzer.(*myAnalyzer).Analyze : (analyzer.go:69) - Parse the response (reqUrl=http://news.d.cn/evaluation.html)... 


2016-02-24 09:24:07 [INFO] circle/crawler/analyzer.(*myAnalyzer).Analyze : (analyzer.go:69) - Parse the response (reqUrl=http://news.d.cn/evaluation.html)... 


2016-02-24 09:24:08 [INFO] circle/crawler/analyzer.(*myAnalyzer).Analyze : (analyzer.go:69) - Parse the response (reqUrl=http://news.d.cn/evaluation.html)... 


2016-02-24 09:24:08 [INFO] circle/crawler/analyzer.(*myAnalyzer).Analyze : (analyzer.go:69) - Parse the response (reqUrl=http://news.d.cn/evaluation.html)... 


2016-02-24 09:24:08 [INFO] circle/crawler/analyzer.(*myAnalyzer).Analyze : (analyzer.go:69) - Parse the response (reqUrl=http://news.d.cn/evaluation.html)... 


2016-02-24 09:24:08 [INFO] circle/crawler/analyzer.(*myAnalyzer).Analyze : (analyzer.go:69) - Parse the response (reqUrl=http://news.d.cn/evaluation.html)... 


2016-02-24 09:28:00 [INFO] circle/crawler/analyzer.(*myAnalyzer).Analyze : (analyzer.go:69) - Parse the response (reqUrl=http://news.d.cn/evaluation.html)... 


2016-02-24 09:28:00 [INFO] circle/crawler/analyzer.(*myAnalyzer).Analyze : (analyzer.go:69) - Parse the response (reqUrl=http://news.d.cn/evaluation.html)... 


2016-02-24 09:28:00 [INFO] circle/crawler/analyzer.(*myAnalyzer).Analyze : (analyzer.go:69) - Parse the response (reqUrl=http://news.d.cn/evaluation.html)... 


2016-02-24 09:28:00 [INFO] circle/crawler/analyzer.(*myAnalyzer).Analyze : (analyzer.go:69) - Parse the response (reqUrl=http://news.d.cn/evaluation.html)... 


2016-02-24 09:28:00 [INFO] circle/crawler/analyzer.(*myAnalyzer).Analyze : (analyzer.go:69) - Parse the response (reqUrl=http://news.d.cn/evaluation.html)... 


2016-02-24 09:28:00 [INFO] circle/crawler/analyzer.(*myAnalyzer).Analyze : (analyzer.go:69) - Parse the response (reqUrl=http://news.d.cn/evaluation.html)... 


2016-02-24 09:28:00 [INFO] circle/crawler/analyzer.(*myAnalyzer).Analyze : (analyzer.go:69) - Parse the response (reqUrl=http://news.d.cn/evaluation.html)... 


2016-02-24 09:28:00 [INFO] circle/crawler/analyzer.(*myAnalyzer).Analyze : (analyzer.go:69) - Parse the response (reqUrl=http://news.d.cn/evaluation.html)... 


2016-02-24 09:28:01 [INFO] circle/crawler/analyzer.(*myAnalyzer).Analyze : (analyzer.go:69) - Parse the response (reqUrl=http://news.d.cn/evaluation.html)... 


2016-02-24 09:28:01 [INFO] circle/crawler/analyzer.(*myAnalyzer).Analyze : (analyzer.go:69) - Parse the response (reqUrl=http://news.d.cn/evaluation.html)... 


2016-02-24 09:28:01 [INFO] circle/crawler/analyzer.(*myAnalyzer).Analyze : (analyzer.go:69) - Parse the response (reqUrl=http://news.d.cn/evaluation.html)... 


2016-02-24 13:17:38 [INFO] circle/crawler/analyzer.(*myAnalyzer).Analyze : (analyzer.go:69) - Parse the response (reqUrl=http://news.d.cn/evaluation.html)... 


2016-02-24 13:17:38 [INFO] circle/crawler/analyzer.(*myAnalyzer).Analyze : (analyzer.go:69) - Parse the response (reqUrl=http://news.d.cn/evaluation.html)... 


2016-02-24 13:17:39 [INFO] circle/crawler/analyzer.(*myAnalyzer).Analyze : (analyzer.go:69) - Parse the response (reqUrl=http://news.d.cn/evaluation.html)... 


2016-02-24 13:17:39 [INFO] circle/crawler/analyzer.(*myAnalyzer).Analyze : (analyzer.go:69) - Parse the response (reqUrl=http://news.d.cn/evaluation.html)... 


2016-02-24 13:17:39 [INFO] circle/crawler/analyzer.(*myAnalyzer).Analyze : (analyzer.go:69) - Parse the response (reqUrl=http://news.d.cn/evaluation.html)... 


2016-02-24 13:17:39 [INFO] circle/crawler/analyzer.(*myAnalyzer).Analyze : (analyzer.go:69) - Parse the response (reqUrl=http://news.d.cn/evaluation.html)... 


2016-02-24 13:17:39 [INFO] circle/crawler/analyzer.(*myAnalyzer).Analyze : (analyzer.go:69) - Parse the response (reqUrl=http://news.d.cn/evaluation.html)... 


2016-02-24 13:17:39 [INFO] circle/crawler/analyzer.(*myAnalyzer).Analyze : (analyzer.go:69) - Parse the response (reqUrl=http://news.d.cn/evaluation.html)... 


2016-02-24 13:17:39 [INFO] circle/crawler/analyzer.(*myAnalyzer).Analyze : (analyzer.go:69) - Parse the response (reqUrl=http://news.d.cn/evaluation.html)... 


2016-02-24 13:17:39 [INFO] circle/crawler/analyzer.(*myAnalyzer).Analyze : (analyzer.go:69) - Parse the response (reqUrl=http://news.d.cn/evaluation.html)... 


2016-02-24 13:17:39 [INFO] circle/crawler/analyzer.(*myAnalyzer).Analyze : (analyzer.go:69) - Parse the response (reqUrl=http://news.d.cn/evaluation.html)... 


2016-02-24 13:37:51 [INFO] circle/crawler/analyzer.(*myAnalyzer).Analyze : (analyzer.go:69) - Parse the response (reqUrl=http://news.d.cn/evaluation.html)... 


2016-02-24 13:37:51 [INFO] circle/crawler/analyzer.(*myAnalyzer).Analyze : (analyzer.go:69) - Parse the response (reqUrl=http://news.d.cn/evaluation.html)... 


2016-02-24 13:37:51 [INFO] circle/crawler/analyzer.(*myAnalyzer).Analyze : (analyzer.go:69) - Parse the response (reqUrl=http://news.d.cn/evaluation.html)... 


2016-02-24 13:37:51 [INFO] circle/crawler/analyzer.(*myAnalyzer).Analyze : (analyzer.go:69) - Parse the response (reqUrl=http://news.d.cn/evaluation.html)... 


2016-02-24 13:37:52 [INFO] circle/crawler/analyzer.(*myAnalyzer).Analyze : (analyzer.go:69) - Parse the response (reqUrl=http://news.d.cn/evaluation.html)... 


2016-02-24 13:37:52 [INFO] circle/crawler/analyzer.(*myAnalyzer).Analyze : (analyzer.go:69) - Parse the response (reqUrl=http://news.d.cn/evaluation.html)... 


2016-02-24 13:37:52 [INFO] circle/crawler/analyzer.(*myAnalyzer).Analyze : (analyzer.go:69) - Parse the response (reqUrl=http://news.d.cn/evaluation.html)... 


2016-02-24 13:37:52 [INFO] circle/crawler/analyzer.(*myAnalyzer).Analyze : (analyzer.go:69) - Parse the response (reqUrl=http://news.d.cn/evaluation.html)... 


2016-02-24 13:37:52 [INFO] circle/crawler/analyzer.(*myAnalyzer).Analyze : (analyzer.go:69) - Parse the response (reqUrl=http://news.d.cn/evaluation.html)... 


2016-02-24 13:37:52 [INFO] circle/crawler/analyzer.(*myAnalyzer).Analyze : (analyzer.go:69) - Parse the response (reqUrl=http://news.d.cn/evaluation.html)... 


2016-02-24 13:37:52 [INFO] circle/crawler/analyzer.(*myAnalyzer).Analyze : (analyzer.go:69) - Parse the response (reqUrl=http://news.d.cn/evaluation.html)... 


2016-02-24 13:42:43 [INFO] circle/crawler/analyzer.(*myAnalyzer).Analyze : (analyzer.go:69) - Parse the response (reqUrl=http://news.d.cn/evaluation.html)... 


2016-02-24 13:42:43 [INFO] circle/crawler/analyzer.(*myAnalyzer).Analyze : (analyzer.go:69) - Parse the response (reqUrl=http://news.d.cn/evaluation.html)... 


2016-02-24 13:42:43 [INFO] circle/crawler/analyzer.(*myAnalyzer).Analyze : (analyzer.go:69) - Parse the response (reqUrl=http://news.d.cn/evaluation.html)... 


2016-02-24 13:42:44 [INFO] circle/crawler/analyzer.(*myAnalyzer).Analyze : (analyzer.go:69) - Parse the response (reqUrl=http://news.d.cn/evaluation.html)... 


2016-02-24 13:42:44 [INFO] circle/crawler/analyzer.(*myAnalyzer).Analyze : (analyzer.go:69) - Parse the response (reqUrl=http://news.d.cn/evaluation.html)... 


2016-02-24 13:42:44 [INFO] circle/crawler/analyzer.(*myAnalyzer).Analyze : (analyzer.go:69) - Parse the response (reqUrl=http://news.d.cn/evaluation.html)... 


2016-02-24 13:42:44 [INFO] circle/crawler/analyzer.(*myAnalyzer).Analyze : (analyzer.go:69) - Parse the response (reqUrl=http://news.d.cn/evaluation.html)... 


2016-02-24 13:42:44 [INFO] circle/crawler/analyzer.(*myAnalyzer).Analyze : (analyzer.go:69) - Parse the response (reqUrl=http://news.d.cn/evaluation.html)... 


2016-02-24 13:42:44 [INFO] circle/crawler/analyzer.(*myAnalyzer).Analyze : (analyzer.go:69) - Parse the response (reqUrl=http://news.d.cn/evaluation.html)... 


2016-02-24 13:42:44 [INFO] circle/crawler/analyzer.(*myAnalyzer).Analyze : (analyzer.go:69) - Parse the response (reqUrl=http://news.d.cn/evaluation.html)... 


2016-02-24 13:42:44 [INFO] circle/crawler/analyzer.(*myAnalyzer).Analyze : (analyzer.go:69) - Parse the response (reqUrl=http://news.d.cn/evaluation.html)... 


2016-02-24 13:44:03 [INFO] circle/crawler/analyzer.(*myAnalyzer).Analyze : (analyzer.go:69) - Parse the response (reqUrl=http://news.d.cn/evaluation.html)... 


2016-02-24 13:44:03 [INFO] circle/crawler/analyzer.(*myAnalyzer).Analyze : (analyzer.go:69) - Parse the response (reqUrl=http://news.d.cn/evaluation.html)... 


2016-02-24 13:44:04 [INFO] circle/crawler/analyzer.(*myAnalyzer).Analyze : (analyzer.go:69) - Parse the response (reqUrl=http://news.d.cn/evaluation.html)... 


2016-02-24 13:44:04 [INFO] circle/crawler/analyzer.(*myAnalyzer).Analyze : (analyzer.go:69) - Parse the response (reqUrl=http://news.d.cn/evaluation.html)... 


2016-02-24 13:44:04 [INFO] circle/crawler/analyzer.(*myAnalyzer).Analyze : (analyzer.go:69) - Parse the response (reqUrl=http://news.d.cn/evaluation.html)... 


2016-02-24 13:44:04 [INFO] circle/crawler/analyzer.(*myAnalyzer).Analyze : (analyzer.go:69) - Parse the response (reqUrl=http://news.d.cn/evaluation.html)... 


2016-02-24 13:44:04 [INFO] circle/crawler/analyzer.(*myAnalyzer).Analyze : (analyzer.go:69) - Parse the response (reqUrl=http://news.d.cn/evaluation.html)... 


2016-02-24 13:44:04 [INFO] circle/crawler/analyzer.(*myAnalyzer).Analyze : (analyzer.go:69) - Parse the response (reqUrl=http://news.d.cn/evaluation.html)... 


2016-02-24 13:44:04 [INFO] circle/crawler/analyzer.(*myAnalyzer).Analyze : (analyzer.go:69) - Parse the response (reqUrl=http://news.d.cn/evaluation.html)... 


2016-02-24 13:44:04 [INFO] circle/crawler/analyzer.(*myAnalyzer).Analyze : (analyzer.go:69) - Parse the response (reqUrl=http://news.d.cn/evaluation.html)... 


2016-02-24 13:44:04 [INFO] circle/crawler/analyzer.(*myAnalyzer).Analyze : (analyzer.go:69) - Parse the response (reqUrl=http://news.d.cn/evaluation.html)... 


2016-02-24 13:46:00 [INFO] circle/crawler/analyzer.(*myAnalyzer).Analyze : (analyzer.go:69) - Parse the response (reqUrl=http://news.d.cn/evaluation.html)... 


2016-02-24 13:46:01 [INFO] circle/crawler/analyzer.(*myAnalyzer).Analyze : (analyzer.go:69) - Parse the response (reqUrl=http://news.d.cn/evaluation.html)... 


2016-02-24 13:46:01 [INFO] circle/crawler/analyzer.(*myAnalyzer).Analyze : (analyzer.go:69) - Parse the response (reqUrl=http://news.d.cn/evaluation.html)... 


2016-02-24 13:46:01 [INFO] circle/crawler/analyzer.(*myAnalyzer).Analyze : (analyzer.go:69) - Parse the response (reqUrl=http://news.d.cn/evaluation.html)... 


2016-02-24 13:46:01 [INFO] circle/crawler/analyzer.(*myAnalyzer).Analyze : (analyzer.go:69) - Parse the response (reqUrl=http://news.d.cn/evaluation.html)... 


2016-02-24 13:46:01 [INFO] circle/crawler/analyzer.(*myAnalyzer).Analyze : (analyzer.go:69) - Parse the response (reqUrl=http://news.d.cn/evaluation.html)... 


2016-02-24 13:46:01 [INFO] circle/crawler/analyzer.(*myAnalyzer).Analyze : (analyzer.go:69) - Parse the response (reqUrl=http://news.d.cn/evaluation.html)... 


2016-02-24 13:46:02 [INFO] circle/crawler/analyzer.(*myAnalyzer).Analyze : (analyzer.go:69) - Parse the response (reqUrl=http://news.d.cn/evaluation.html)... 


2016-02-24 13:46:02 [INFO] circle/crawler/analyzer.(*myAnalyzer).Analyze : (analyzer.go:69) - Parse the response (reqUrl=http://news.d.cn/evaluation.html)... 


2016-02-24 13:46:02 [INFO] circle/crawler/analyzer.(*myAnalyzer).Analyze : (analyzer.go:69) - Parse the response (reqUrl=http://news.d.cn/evaluation.html)... 


2016-02-24 13:46:02 [INFO] circle/crawler/analyzer.(*myAnalyzer).Analyze : (analyzer.go:69) - Parse the response (reqUrl=http://news.d.cn/evaluation.html)... 


2016-02-24 13:53:05 [INFO] circle/crawler/analyzer.(*myAnalyzer).Analyze : (analyzer.go:69) - Parse the response (reqUrl=http://news.d.cn/evaluation.html)... 


2016-02-24 13:53:05 [INFO] circle/crawler/analyzer.(*myAnalyzer).Analyze : (analyzer.go:69) - Parse the response (reqUrl=http://news.d.cn/evaluation.html)... 


2016-02-24 13:53:05 [INFO] circle/crawler/analyzer.(*myAnalyzer).Analyze : (analyzer.go:69) - Parse the response (reqUrl=http://news.d.cn/evaluation.html)... 


2016-02-24 13:53:06 [INFO] circle/crawler/analyzer.(*myAnalyzer).Analyze : (analyzer.go:69) - Parse the response (reqUrl=http://news.d.cn/evaluation.html)... 


2016-02-24 13:53:06 [INFO] circle/crawler/analyzer.(*myAnalyzer).Analyze : (analyzer.go:69) - Parse the response (reqUrl=http://news.d.cn/evaluation.html)... 


2016-02-24 13:53:06 [INFO] circle/crawler/analyzer.(*myAnalyzer).Analyze : (analyzer.go:69) - Parse the response (reqUrl=http://news.d.cn/evaluation.html)... 


2016-02-24 13:53:06 [INFO] circle/crawler/analyzer.(*myAnalyzer).Analyze : (analyzer.go:69) - Parse the response (reqUrl=http://news.d.cn/evaluation.html)... 


2016-02-24 13:53:06 [INFO] circle/crawler/analyzer.(*myAnalyzer).Analyze : (analyzer.go:69) - Parse the response (reqUrl=http://news.d.cn/evaluation.html)... 


2016-02-24 13:53:06 [INFO] circle/crawler/analyzer.(*myAnalyzer).Analyze : (analyzer.go:69) - Parse the response (reqUrl=http://news.d.cn/evaluation.html)... 


2016-02-24 13:53:07 [INFO] circle/crawler/analyzer.(*myAnalyzer).Analyze : (analyzer.go:69) - Parse the response (reqUrl=http://news.d.cn/evaluation.html)... 


2016-02-24 13:53:07 [INFO] circle/crawler/analyzer.(*myAnalyzer).Analyze : (analyzer.go:69) - Parse the response (reqUrl=http://news.d.cn/evaluation.html)... 


2016-02-24 14:05:26 [INFO] circle/crawler/analyzer.(*myAnalyzer).Analyze : (analyzer.go:69) - Parse the response (reqUrl=http://news.d.cn/evaluation.html)... 


2016-02-24 14:07:43 [INFO] circle/crawler/analyzer.(*myAnalyzer).Analyze : (analyzer.go:69) - Parse the response (reqUrl=http://news.d.cn/evaluation.html)... 


2016-02-24 14:09:49 [INFO] circle/crawler/analyzer.(*myAnalyzer).Analyze : (analyzer.go:69) - Parse the response (reqUrl=http://news.d.cn/evaluation.html)... 


2016-02-24 14:22:10 [INFO] circle/crawler/analyzer.(*myAnalyzer).Analyze : (analyzer.go:69) - Parse the response (reqUrl=http://news.d.cn/evaluation.html)... 


2016-02-24 14:22:52 [INFO] circle/crawler/analyzer.(*myAnalyzer).Analyze : (analyzer.go:69) - Parse the response (reqUrl=http://news.d.cn/evaluation.html)... 


2016-02-24 14:25:35 [INFO] circle/crawler/analyzer.(*myAnalyzer).Analyze : (analyzer.go:69) - Parse the response (reqUrl=http://news.d.cn/evaluation.html)... 


2016-02-24 14:28:42 [INFO] circle/crawler/analyzer.(*myAnalyzer).Analyze : (analyzer.go:69) - Parse the response (reqUrl=http://news.d.cn/evaluation.html)... 


2016-02-24 14:30:04 [INFO] circle/crawler/analyzer.(*myAnalyzer).Analyze : (analyzer.go:69) - Parse the response (reqUrl=http://news.d.cn/evaluation.html)... 


2016-02-24 14:33:20 [INFO] circle/crawler/analyzer.(*myAnalyzer).Analyze : (analyzer.go:69) - Parse the response (reqUrl=http://news.d.cn/evaluation.html)... 


2016-02-24 14:34:53 [INFO] circle/crawler/analyzer.(*myAnalyzer).Analyze : (analyzer.go:69) - Parse the response (reqUrl=http://news.d.cn/evaluation.html)... 


2016-02-24 14:36:19 [INFO] circle/crawler/analyzer.(*myAnalyzer).Analyze : (analyzer.go:69) - Parse the response (reqUrl=http://news.d.cn/evaluation.html)... 


2016-02-24 14:46:30 [INFO] circle/crawler/analyzer.(*myAnalyzer).Analyze : (analyzer.go:69) - Parse the response (reqUrl=http://news.d.cn/evaluation.html)... 


2016-02-24 14:48:41 [INFO] circle/crawler/analyzer.(*myAnalyzer).Analyze : (analyzer.go:69) - Parse the response (reqUrl=http://news.d.cn/evaluation.html)... 


2016-02-24 14:50:57 [INFO] circle/crawler/analyzer.(*myAnalyzer).Analyze : (analyzer.go:69) - Parse the response (reqUrl=http://news.d.cn/evaluation.html)... 


2016-02-24 14:51:50 [INFO] circle/crawler/analyzer.(*myAnalyzer).Analyze : (analyzer.go:69) - Parse the response (reqUrl=http://news.d.cn/evaluation.html)... 


2016-02-24 14:55:00 [INFO] circle/crawler/analyzer.(*myAnalyzer).Analyze : (analyzer.go:69) - Parse the response (reqUrl=http://news.d.cn/evaluation.html)... 


2016-02-24 14:57:03 [INFO] circle/crawler/analyzer.(*myAnalyzer).Analyze : (analyzer.go:69) - Parse the response (reqUrl=http://news.d.cn/evaluation.html)... 


2016-02-24 14:58:13 [INFO] circle/crawler/analyzer.(*myAnalyzer).Analyze : (analyzer.go:69) - Parse the response (reqUrl=http://news.d.cn/evaluation.html)... 


2016-02-24 15:03:06 [INFO] circle/crawler/analyzer.(*myAnalyzer).Analyze : (analyzer.go:69) - Parse the response (reqUrl=http://news.d.cn/evaluation.html)... 


2016-02-24 15:04:07 [INFO] circle/crawler/analyzer.(*myAnalyzer).Analyze : (analyzer.go:69) - Parse the response (reqUrl=http://news.d.cn/evaluation.html)... 


2016-02-24 15:07:01 [INFO] circle/crawler/analyzer.(*myAnalyzer).Analyze : (analyzer.go:69) - Parse the response (reqUrl=http://news.d.cn/evaluation.html)... 


2016-02-24 15:09:11 [INFO] circle/crawler/analyzer.(*myAnalyzer).Analyze : (analyzer.go:69) - Parse the response (reqUrl=http://news.d.cn/evaluation.html)... 


2016-02-24 15:11:08 [INFO] circle/crawler/analyzer.(*myAnalyzer).Analyze : (analyzer.go:69) - Parse the response (reqUrl=http://news.d.cn/evaluation.html)... 


2016-02-24 15:14:50 [INFO] circle/crawler/analyzer.(*myAnalyzer).Analyze : (analyzer.go:69) - Parse the response (reqUrl=http://news.d.cn/evaluation.html)... 


2016-02-24 15:21:07 [INFO] circle/crawler/analyzer.(*myAnalyzer).Analyze : (analyzer.go:69) - Parse the response (reqUrl=http://news.d.cn/evaluation.html)... 


2016-02-24 15:23:54 [INFO] circle/crawler/analyzer.(*myAnalyzer).Analyze : (analyzer.go:69) - Parse the response (reqUrl=http://news.d.cn/evaluation.html)... 


2016-02-24 15:35:01 [INFO] circle/crawler/analyzer.(*myAnalyzer).Analyze : (analyzer.go:69) - Parse the response (reqUrl=http://news.d.cn/evaluation.html)... 


2016-02-24 15:44:14 [INFO] circle/crawler/analyzer.(*myAnalyzer).Analyze : (analyzer.go:69) - Parse the response (reqUrl=http://news.d.cn/evaluation.html)... 


2016-02-24 15:46:49 [INFO] circle/crawler/analyzer.(*myAnalyzer).Analyze : (analyzer.go:69) - Parse the response (reqUrl=http://news.d.cn/evaluation.html)... 


2016-02-24 15:48:36 [INFO] circle/crawler/analyzer.(*myAnalyzer).Analyze : (analyzer.go:69) - Parse the response (reqUrl=http://news.d.cn/evaluation.html)... 


2016-02-24 15:48:46 [INFO] circle/crawler/analyzer.(*myAnalyzer).Analyze : (analyzer.go:69) - Parse the response (reqUrl=http://news.d.cn)... 


2016-02-24 15:48:46 [INFO] circle/crawler/analyzer.(*myAnalyzer).Analyze : (analyzer.go:69) - Parse the response (reqUrl=http://news.d.cn/news/view-38765.html)... 


2016-02-24 15:48:46 [INFO] circle/crawler/analyzer.(*myAnalyzer).Analyze : (analyzer.go:69) - Parse the response (reqUrl=http://news.d.cn/pc/view-38901.html)... 


2016-02-24 15:48:46 [INFO] circle/crawler/analyzer.(*myAnalyzer).Analyze : (analyzer.go:69) - Parse the response (reqUrl=http://news.d.cn/pc/view-38890.html)... 


2016-02-24 15:48:46 [INFO] circle/crawler/analyzer.(*myAnalyzer).Analyze : (analyzer.go:69) - Parse the response (reqUrl=http://news.d.cn/pc/view-38671.html)... 


2016-02-24 15:48:46 [INFO] circle/crawler/analyzer.(*myAnalyzer).Analyze : (analyzer.go:69) - Parse the response (reqUrl=http://news.d.cn/news/view-39121.html)... 


2016-02-24 15:48:46 [INFO] circle/crawler/analyzer.(*myAnalyzer).Analyze : (analyzer.go:69) - Parse the response (reqUrl=http://news.d.cn/pc/view-39094.html)... 


2016-02-24 15:48:46 [INFO] circle/crawler/analyzer.(*myAnalyzer).Analyze : (analyzer.go:69) - Parse the response (reqUrl=http://news.d.cn/zt/view-39072.html)... 


2016-02-24 15:48:46 [INFO] circle/crawler/analyzer.(*myAnalyzer).Analyze : (analyzer.go:69) - Parse the response (reqUrl=http://news.d.cn/video/view-39119.html)... 


2016-02-24 15:48:46 [INFO] circle/crawler/analyzer.(*myAnalyzer).Analyze : (analyzer.go:69) - Parse the response (reqUrl=http://news.d.cn/zt/view-39127.html)... 


2016-02-24 15:48:46 [INFO] circle/crawler/analyzer.(*myAnalyzer).Analyze : (analyzer.go:69) - Parse the response (reqUrl=http://news.d.cn/zt/view-39080.html)... 


2016-02-24 15:48:46 [INFO] circle/crawler/analyzer.(*myAnalyzer).Analyze : (analyzer.go:69) - Parse the response (reqUrl=http://news.d.cn/news/view-39074.html)... 


2016-02-24 15:48:46 [INFO] circle/crawler/analyzer.(*myAnalyzer).Analyze : (analyzer.go:69) - Parse the response (reqUrl=http://news.d.cn/news/view-39076.html)... 


2016-02-24 15:48:46 [INFO] circle/crawler/analyzer.(*myAnalyzer).Analyze : (analyzer.go:69) - Parse the response (reqUrl=http://news.d.cn/news/view-39073.html)... 


2016-02-24 15:48:47 [INFO] circle/crawler/analyzer.(*myAnalyzer).Analyze : (analyzer.go:69) - Parse the response (reqUrl=http://news.d.cn/news/view-39061.html)... 


2016-02-24 15:48:47 [INFO] circle/crawler/analyzer.(*myAnalyzer).Analyze : (analyzer.go:69) - Parse the response (reqUrl=http://news.d.cn/news/view-39110.html)... 


2016-02-24 15:48:47 [INFO] circle/crawler/analyzer.(*myAnalyzer).Analyze : (analyzer.go:69) - Parse the response (reqUrl=http://news.d.cn/pc/view-38778.html)... 


2016-02-24 15:48:47 [INFO] circle/crawler/analyzer.(*myAnalyzer).Analyze : (analyzer.go:69) - Parse the response (reqUrl=http://news.d.cn/news/view-39073.html)... 


2016-02-24 15:48:47 [INFO] circle/crawler/analyzer.(*myAnalyzer).Analyze : (analyzer.go:69) - Parse the response (reqUrl=http://news.d.cn/news/view-39076.html)... 


2016-02-24 15:48:47 [INFO] circle/crawler/analyzer.(*myAnalyzer).Analyze : (analyzer.go:69) - Parse the response (reqUrl=http://news.d.cn/news/view-207.html)... 


2016-02-24 15:48:47 [INFO] circle/crawler/analyzer.(*myAnalyzer).Analyze : (analyzer.go:69) - Parse the response (reqUrl=http://news.d.cn/news/view-39113.html)... 


2016-02-24 15:48:47 [INFO] circle/crawler/analyzer.(*myAnalyzer).Analyze : (analyzer.go:69) - Parse the response (reqUrl=http://news.d.cn/pc/view-38840.html)... 


2016-02-24 15:48:47 [INFO] circle/crawler/analyzer.(*myAnalyzer).Analyze : (analyzer.go:69) - Parse the response (reqUrl=http://news.d.cn/pc/view-38867.html)... 


2016-02-24 15:48:47 [INFO] circle/crawler/analyzer.(*myAnalyzer).Analyze : (analyzer.go:69) - Parse the response (reqUrl=http://news.d.cn/pc/view-38848.html)... 


2016-02-24 15:48:47 [INFO] circle/crawler/analyzer.(*myAnalyzer).Analyze : (analyzer.go:69) - Parse the response (reqUrl=http://news.d.cn/news/view-39073.html)... 


2016-02-24 15:48:47 [INFO] circle/crawler/analyzer.(*myAnalyzer).Analyze : (analyzer.go:69) - Parse the response (reqUrl=http://news.d.cn)... 


2016-02-24 15:48:47 [INFO] circle/crawler/analyzer.(*myAnalyzer).Analyze : (analyzer.go:69) - Parse the response (reqUrl=http://news.d.cn/news/view-38853.html)... 


2016-02-24 15:48:47 [INFO] circle/crawler/analyzer.(*myAnalyzer).Analyze : (analyzer.go:69) - Parse the response (reqUrl=http://news.d.cn/news/view-39074.html)... 


2016-02-24 15:48:47 [INFO] circle/crawler/analyzer.(*myAnalyzer).Analyze : (analyzer.go:69) - Parse the response (reqUrl=http://news.d.cn/pc/view-38776.html)... 


2016-02-24 15:57:47 [INFO] circle/crawler/analyzer.(*myAnalyzer).Analyze : (analyzer.go:69) - Parse the response (reqUrl=http://news.d.cn/evaluation.html)... 


2016-02-24 15:57:57 [INFO] circle/crawler/analyzer.(*myAnalyzer).Analyze : (analyzer.go:69) - Parse the response (reqUrl=http://news.d.cn/pc/view-38848.html)... 


2016-02-24 16:01:15 [INFO] circle/crawler/analyzer.(*myAnalyzer).Analyze : (analyzer.go:69) - Parse the response (reqUrl=http://news.d.cn/evaluation.html)... 


2016-02-24 16:01:26 [INFO] circle/crawler/analyzer.(*myAnalyzer).Analyze : (analyzer.go:69) - Parse the response (reqUrl=http://news.d.cn)... 


2016-02-24 16:01:26 [INFO] circle/crawler/analyzer.(*myAnalyzer).Analyze : (analyzer.go:69) - Parse the response (reqUrl=http://news.d.cn/pc/view-38778.html)... 


2016-02-24 16:01:26 [INFO] circle/crawler/analyzer.(*myAnalyzer).Analyze : (analyzer.go:69) - Parse the response (reqUrl=http://news.d.cn/pc/view-38671.html)... 


2016-02-24 16:01:26 [INFO] circle/crawler/analyzer.(*myAnalyzer).Analyze : (analyzer.go:69) - Parse the response (reqUrl=http://news.d.cn/pc/view-38848.html)... 


2016-02-24 16:01:26 [INFO] circle/crawler/analyzer.(*myAnalyzer).Analyze : (analyzer.go:69) - Parse the response (reqUrl=http://news.d.cn/news/view-38765.html)... 


2016-02-24 16:01:27 [INFO] circle/crawler/analyzer.(*myAnalyzer).Analyze : (analyzer.go:69) - Parse the response (reqUrl=http://news.d.cn/pc/view-38890.html)... 


2016-02-24 16:03:17 [INFO] circle/crawler/analyzer.(*myAnalyzer).Analyze : (analyzer.go:69) - Parse the response (reqUrl=http://news.d.cn/evaluation.html)... 


2016-02-24 16:03:28 [INFO] circle/crawler/analyzer.(*myAnalyzer).Analyze : (analyzer.go:69) - Parse the response (reqUrl=http://news.d.cn/news/view-38853.html)... 


2016-02-24 16:03:28 [INFO] circle/crawler/analyzer.(*myAnalyzer).Analyze : (analyzer.go:69) - Parse the response (reqUrl=http://news.d.cn/pc/view-38671.html)... 


2016-02-24 16:06:36 [INFO] circle/crawler/analyzer.(*myAnalyzer).Analyze : (analyzer.go:69) - Parse the response (reqUrl=http://news.d.cn/evaluation.html)... 


2016-02-24 16:07:50 [INFO] circle/crawler/analyzer.(*myAnalyzer).Analyze : (analyzer.go:69) - Parse the response (reqUrl=http://news.d.cn/evaluation.html)... 


2016-02-24 16:09:00 [INFO] circle/crawler/analyzer.(*myAnalyzer).Analyze : (analyzer.go:69) - Parse the response (reqUrl=http://news.d.cn/evaluation.html)... 


2016-02-24 16:12:42 [INFO] circle/crawler/analyzer.(*myAnalyzer).Analyze : (analyzer.go:69) - Parse the response (reqUrl=http://news.d.cn/evaluation.html)... 


2016-02-24 16:12:53 [INFO] circle/crawler/analyzer.(*myAnalyzer).Analyze : (analyzer.go:69) - Parse the response (reqUrl=http://news.d.cn/news/view-39074.html)... 


2016-02-24 16:15:28 [INFO] circle/crawler/analyzer.(*myAnalyzer).Analyze : (analyzer.go:69) - Parse the response (reqUrl=http://news.d.cn/evaluation.html)... 


2016-02-24 16:15:38 [INFO] circle/crawler/analyzer.(*myAnalyzer).Analyze : (analyzer.go:69) - Parse the response (reqUrl=http://news.d.cn)... 


2016-02-24 16:15:38 [INFO] circle/crawler/analyzer.(*myAnalyzer).Analyze : (analyzer.go:69) - Parse the response (reqUrl=http://news.d.cn/news/view-38765.html)... 


2016-02-24 16:15:38 [INFO] circle/crawler/analyzer.(*myAnalyzer).Analyze : (analyzer.go:69) - Parse the response (reqUrl=http://news.d.cn/pc/view-38671.html)... 


2016-02-24 16:18:03 [INFO] circle/crawler/analyzer.(*myAnalyzer).Analyze : (analyzer.go:69) - Parse the response (reqUrl=http://news.d.cn/evaluation.html)... 


2016-02-24 16:21:44 [INFO] circle/crawler/analyzer.(*myAnalyzer).Analyze : (analyzer.go:69) - Parse the response (reqUrl=http://news.d.cn/evaluation.html)... 


2016-02-24 16:23:00 [INFO] circle/crawler/analyzer.(*myAnalyzer).Analyze : (analyzer.go:69) - Parse the response (reqUrl=http://news.d.cn/evaluation.html)... 


2016-02-24 16:25:39 [INFO] circle/crawler/analyzer.(*myAnalyzer).Analyze : (analyzer.go:69) - Parse the response (reqUrl=http://news.d.cn/evaluation.html)... 


2016-02-24 16:31:33 [INFO] circle/crawler/analyzer.(*myAnalyzer).Analyze : (analyzer.go:69) - Parse the response (reqUrl=http://news.d.cn/evaluation.html)... 


2016-02-24 16:52:05 [INFO] circle/crawler/analyzer.(*myAnalyzer).Analyze : (analyzer.go:69) - Parse the response (reqUrl=http://news.d.cn/evaluation.html)... 


2016-02-24 16:57:06 [INFO] circle/crawler/analyzer.(*myAnalyzer).Analyze : (analyzer.go:69) - Parse the response (reqUrl=http://127.0.0.1:8080)... 


2016-02-24 16:57:34 [INFO] circle/crawler/analyzer.(*myAnalyzer).Analyze : (analyzer.go:69) - Parse the response (reqUrl=http://127.0.0.1:8080)... 


2016-02-24 16:57:44 [INFO] circle/crawler/analyzer.(*myAnalyzer).Analyze : (analyzer.go:69) - Parse the response (reqUrl=http://www.baidu.com)... 


2016-02-24 16:58:36 [INFO] circle/crawler/analyzer.(*myAnalyzer).Analyze : (analyzer.go:69) - Parse the response (reqUrl=http://127.0.0.1:8080)... 


2016-02-24 17:01:26 [INFO] circle/crawler/analyzer.(*myAnalyzer).Analyze : (analyzer.go:69) - Parse the response (reqUrl=http://127.0.0.1:8080)... 


2016-02-24 17:01:36 [INFO] circle/crawler/analyzer.(*myAnalyzer).Analyze : (analyzer.go:69) - Parse the response (reqUrl=http://www.baidu.com)... 


2016-02-24 17:03:33 [INFO] circle/crawler/analyzer.(*myAnalyzer).Analyze : (analyzer.go:69) - Parse the response (reqUrl=http://127.0.0.1:8080)... 


2016-02-24 17:03:44 [INFO] circle/crawler/analyzer.(*myAnalyzer).Analyze : (analyzer.go:69) - Parse the response (reqUrl=http://www.baidu.com)... 


2016-02-24 17:04:58 [INFO] circle/crawler/analyzer.(*myAnalyzer).Analyze : (analyzer.go:69) - Parse the response (reqUrl=http://127.0.0.1:8080)... 


2016-02-24 17:05:08 [INFO] circle/crawler/analyzer.(*myAnalyzer).Analyze : (analyzer.go:69) - Parse the response (reqUrl=http://www.baidu.com)... 


